<?xml version="1.0" encoding="UTF-8"?>
<!-- Generated by org.testng.reporters.JUnitReportReporter -->
<testsuite skipped="0" hostname="Sravan-Laptop" name="leaftap.testcases.TC001_DuplicateLead" tests="2" failures="0" timestamp="2020-05-06T00:23:02 IST" time="74.426" errors="0">
  <testcase name="runTestcaseDuplicateLead" time="44.122" classname="leaftap.testcases.TC001_DuplicateLead"/>
  <system-out/>
  <testcase name="runTestcaseDuplicateLead" time="30.304" classname="leaftap.testcases.TC001_DuplicateLead"/>
  <system-out/>
</testsuite> <!-- leaftap.testcases.TC001_DuplicateLead -->
