<?xml version="1.0" encoding="UTF-8"?>
<!-- Generated by org.testng.reporters.JUnitReportReporter -->
<testsuite skipped="0" hostname="Sravan-Laptop" name="leaftap.testcases.TC001_DeleteLead" tests="2" failures="0" timestamp="2020-05-06T00:23:02 IST" time="83.540" errors="0">
  <testcase name="runDeleteLead" time="43.044" classname="leaftap.testcases.TC001_DeleteLead"/>
  <system-out/>
  <testcase name="runDeleteLead" time="40.496" classname="leaftap.testcases.TC001_DeleteLead"/>
  <system-out/>
</testsuite> <!-- leaftap.testcases.TC001_DeleteLead -->
