<?xml version="1.0" encoding="UTF-8"?>
<!-- Generated by org.testng.reporters.JUnitReportReporter -->
<testsuite skipped="0" hostname="Sravan-Laptop" name="leaftap.testcases.TC001_EditLead" tests="2" failures="0" timestamp="2020-05-06T00:23:02 IST" time="86.411" errors="0">
  <testcase name="runTestcaseEditLead" time="49.628" classname="leaftap.testcases.TC001_EditLead"/>
  <system-out/>
  <testcase name="runTestcaseEditLead" time="36.783" classname="leaftap.testcases.TC001_EditLead"/>
  <system-out/>
</testsuite> <!-- leaftap.testcases.TC001_EditLead -->
