<?xml version="1.0" encoding="UTF-8"?>
<!-- Generated by org.testng.reporters.JUnitReportReporter -->
<testsuite skipped="0" hostname="Sravan-Laptop" name="runner.RunTest" tests="2" failures="0" timestamp="2020-05-06T22:37:06 IST" time="58.384" errors="0">
  <testcase name="runScenario" time="32.122" classname="runner.RunTest"/>
  <system-out/>
  <testcase name="runScenario" time="26.262" classname="runner.RunTest"/>
  <system-out/>
</testsuite> <!-- runner.RunTest -->
