<?xml version="1.0" encoding="UTF-8"?>
<!-- Generated by org.testng.reporters.JUnitReportReporter -->
<testsuite skipped="0" hostname="Sravan-Laptop" name="runner.RunEditLead" tests="3" failures="0" timestamp="2020-05-06T22:37:06 IST" time="91.745" errors="0">
  <testcase name="runScenario" time="30.058" classname="runner.RunEditLead"/>
  <system-out/>
  <testcase name="runScenario" time="30.765" classname="runner.RunEditLead"/>
  <system-out/>
  <testcase name="runScenario" time="30.922" classname="runner.RunEditLead"/>
  <system-out/>
</testsuite> <!-- runner.RunEditLead -->
