<?xml version="1.0" encoding="UTF-8"?>
<!-- Generated by org.testng.reporters.JUnitReportReporter -->
<testsuite skipped="0" hostname="Sravan-Laptop" name="leaftap.testcases.TC001_MergeLead" tests="2" failures="0" timestamp="2020-05-06T00:23:02 IST" time="106.425" errors="0">
  <testcase name="runMergeLead" time="65.332" classname="leaftap.testcases.TC001_MergeLead"/>
  <system-out/>
  <testcase name="runMergeLead" time="41.093" classname="leaftap.testcases.TC001_MergeLead"/>
  <system-out/>
</testsuite> <!-- leaftap.testcases.TC001_MergeLead -->
