<?xml version="1.0" encoding="UTF-8"?>
<!-- Generated by org.testng.reporters.JUnitReportReporter -->
<testsuite skipped="0" hostname="Sravan-Laptop" name="leaftap.testcases.TC001_CreateLead" tests="2" failures="0" timestamp="2020-05-06T00:23:02 IST" time="68.005" errors="0">
  <testcase name="runTestcaseCreateLead" time="39.717" classname="leaftap.testcases.TC001_CreateLead"/>
  <system-out/>
  <testcase name="runTestcaseCreateLead" time="28.288" classname="leaftap.testcases.TC001_CreateLead"/>
  <system-out/>
</testsuite> <!-- leaftap.testcases.TC001_CreateLead -->
